<?xml version="1.0" encoding="UTF-8"?>
<!-- Generated by org.testng.reporters.JUnitReportReporter -->
<testsuite skipped="0" hostname="deskOne" name="testNG_propertiesFile.LearningProperty" tests="1" failures="0" timestamp="30 мар 2017 19:52:41 GMT" time="0.007" errors="0">
  <testcase name="testProperties" time="0.007" classname="testNG_propertiesFile.LearningProperty"/>
</testsuite> <!-- testNG_propertiesFile.LearningProperty -->
