<?xml version="1.0" encoding="UTF-8"?>
<!-- Generated by org.testng.reporters.JUnitReportReporter -->
<testsuite skipped="0" hostname="deskOne" name="testNG_1.LoginTest" tests="3" failures="0" timestamp="24 мар 2017 20:19:33 GMT" time="0.008" errors="0">
  <testcase name="testLoginViaFacebook" time="0.001" classname="testNG_1.LoginTest"/>
  <testcase name="testLoginViaTwitter" time="0.001" classname="testNG_1.LoginTest"/>
  <testcase name="testLoginViaEmail" time="0.006" classname="testNG_1.LoginTest"/>
</testsuite> <!-- testNG_1.LoginTest -->
