<?xml version="1.0" encoding="UTF-8"?>
<!-- Generated by org.testng.reporters.JUnitReportReporter -->
<testsuite skipped="0" hostname="deskOne" name="testNG_1.PaymentReturn" tests="1" failures="0" timestamp="25 мар 2017 00:55:07 GMT" time="0.001" errors="0">
  <testcase name="paymentreturn" time="0.001" classname="testNG_1.PaymentReturn"/>
</testsuite> <!-- testNG_1.PaymentReturn -->
