<?xml version="1.0" encoding="UTF-8"?>
<!-- Generated by org.testng.reporters.JUnitReportReporter -->
<testsuite skipped="0" hostname="deskOne" name="testNG_1.TestNGAnnotation_1" tests="3" failures="0" timestamp="24 мар 2017 19:42:33 GMT" time="0.006" errors="0">
  <testcase name="test2" time="0.002" classname="testNG_1.TestNGAnnotation_1"/>
  <testcase name="test3" time="0.001" classname="testNG_1.TestNGAnnotation_1"/>
  <testcase name="test1" time="0.003" classname="testNG_1.TestNGAnnotation_1"/>
</testsuite> <!-- testNG_1.TestNGAnnotation_1 -->
