<?xml version="1.0" encoding="UTF-8"?>
<!-- Generated by org.testng.reporters.JUnitReportReporter -->
<testsuite skipped="0" hostname="deskOne" name="testNG_1.PaymentTest" tests="2" failures="0" timestamp="25 мар 2017 01:01:24 GMT" time="0.001" errors="0">
  <testcase name="paymentInDollar" time="0.001" classname="testNG_1.PaymentTest"/>
  <testcase name="paymentInRupee" time="0.000" classname="testNG_1.PaymentTest"/>
</testsuite> <!-- testNG_1.PaymentTest -->
