<?xml version="1.0" encoding="UTF-8"?>
<!-- Generated by org.testng.reporters.JUnitReportReporter -->
<testsuite skipped="0" hostname="deskOne" name="testNG_2.DataParameters" tests="3" failures="0" timestamp="25 мар 2017 15:31:12 GMT" time="0.009" errors="0">
  <testcase name="registerUser" time="0.007" classname="testNG_2.DataParameters"/>
  <testcase name="registerUser" time="0.001" classname="testNG_2.DataParameters"/>
  <testcase name="registerUser" time="0.001" classname="testNG_2.DataParameters"/>
</testsuite> <!-- testNG_2.DataParameters -->
