<?xml version="1.0" encoding="UTF-8"?>
<!-- Generated by org.testng.reporters.JUnitReportReporter -->
<testsuite skipped="0" hostname="deskOne" name="testNG_2.LearningParameters" tests="1" failures="0" timestamp="25 мар 2017 02:53:22 GMT" time="0.007" errors="0">
  <testcase name="login" time="0.007" classname="testNG_2.LearningParameters"/>
</testsuite> <!-- testNG_2.LearningParameters -->
