<?xml version="1.0" encoding="UTF-8"?>
<!-- Generated by org.testng.reporters.JUnitReportReporter -->
<testsuite skipped="0" hostname="deskOne" name="testNG_sauseLabs.BasicTestChrome" tests="1" failures="0" timestamp="31 мар 2017 22:16:52 GMT" time="20.964" errors="0">
  <testcase name="loginTest" time="20.964" classname="testNG_sauseLabs.BasicTestChrome"/>
</testsuite> <!-- testNG_sauseLabs.BasicTestChrome -->
