<?xml version="1.0" encoding="UTF-8"?>
<!-- Generated by org.testng.reporters.JUnitReportReporter -->
<testsuite skipped="0" hostname="deskOne" name="testNG_parallelExecution.GG" tests="1" failures="0" timestamp="02 апр 2017 17:10:02 GMT" time="16.561" errors="0">
  <testcase name="startGG" time="16.561" classname="testNG_parallelExecution.GG"/>
</testsuite> <!-- testNG_parallelExecution.GG -->
