<?xml version="1.0" encoding="UTF-8"?>
<!-- Generated by org.testng.reporters.JUnitReportReporter -->
<testsuite skipped="0" hostname="deskOne" name="testNG_2.GroupingTests" tests="2" failures="0" timestamp="25 мар 2017 16:11:43 GMT" time="0.009" errors="0">
  <testcase name="feature1" time="0.007" classname="testNG_2.GroupingTests"/>
  <testcase name="feature3" time="0.002" classname="testNG_2.GroupingTests"/>
</testsuite> <!-- testNG_2.GroupingTests -->
