<?xml version="1.0" encoding="UTF-8"?>
<!-- Generated by org.testng.reporters.JUnitReportReporter -->
<testsuite skipped="0" hostname="deskOne" name="testNG_parallelExecution2.TestParallel" tests="2" failures="0" timestamp="03 апр 2017 19:46:20 GMT" time="11.016" errors="0">
  <testcase name="test_01" time="5.809" classname="testNG_parallelExecution2.TestParallel"/>
  <testcase name="test_01" time="5.207" classname="testNG_parallelExecution2.TestParallel"/>
</testsuite> <!-- testNG_parallelExecution2.TestParallel -->
