<?xml version="1.0" encoding="UTF-8"?>
<!-- Generated by org.testng.reporters.JUnitReportReporter -->
<testsuite skipped="0" hostname="deskOne" name="testNG_parallelExecution.TestWebSite" tests="2" failures="0" timestamp="02 апр 2017 00:55:09 GMT" time="52.401" errors="0">
  <testcase name="test_01" time="26.357" classname="testNG_parallelExecution.TestWebSite"/>
  <testcase name="test_02" time="26.044" classname="testNG_parallelExecution.TestWebSite"/>
</testsuite> <!-- testNG_parallelExecution.TestWebSite -->
