<?xml version="1.0" encoding="UTF-8"?>
<!-- Generated by org.testng.reporters.JUnitReportReporter -->
<testsuite skipped="1" hostname="deskOne" name="testNG_1.SignUpTest" tests="3" failures="0" timestamp="25 мар 2017 00:55:07 GMT" time="0.003" errors="0">
  <testcase name="signUpViaEmail" time="0.001" classname="testNG_1.SignUpTest"/>
  <testcase name="signUpViaTwitter" time="0.001" classname="testNG_1.SignUpTest"/>
  <testcase name="signUpViaFacebook" time="0.001" classname="testNG_1.SignUpTest">
    <skipped/>
  </testcase> <!-- signUpViaFacebook -->
</testsuite> <!-- testNG_1.SignUpTest -->
