<?xml version="1.0" encoding="UTF-8"?>
<!-- Generated by org.testng.reporters.JUnitReportReporter -->
<testsuite skipped="0" hostname="deskOne" name="testNG_1.SignUpTest" tests="3" failures="0" timestamp="24 мар 2017 20:19:33 GMT" time="0.007" errors="0">
  <testcase name="signUpViaFacebook" time="0.001" classname="testNG_1.SignUpTest"/>
  <testcase name="signUpViaTwitter" time="0.003" classname="testNG_1.SignUpTest"/>
  <testcase name="signUpViaEmail" time="0.003" classname="testNG_1.SignUpTest"/>
</testsuite> <!-- testNG_1.SignUpTest -->
