<?xml version="1.0" encoding="UTF-8"?>
<!-- Generated by org.testng.reporters.JUnitReportReporter -->
<testsuite skipped="0" hostname="deskOne" name="testNG_Log4j.TestingLog4j" tests="1" failures="0" timestamp="31 мар 2017 16:59:41 GMT" time="4.275" errors="0">
  <testcase name="testLogs" time="4.275" classname="testNG_Log4j.TestingLog4j"/>
</testsuite> <!-- testNG_Log4j.TestingLog4j -->
