<?xml version="1.0" encoding="UTF-8"?>
<!-- Generated by org.testng.reporters.JUnitReportReporter -->
<testsuite skipped="0" hostname="deskOne" name="testNG_1.LoginTest" tests="3" failures="0" timestamp="25 мар 2017 01:08:51 GMT" time="0.009" errors="0">
  <testcase name="testLoginViaTwitter" time="0.001" classname="testNG_1.LoginTest"/>
  <testcase name="testLoginViaEmail" time="0.007" classname="testNG_1.LoginTest"/>
  <testcase name="testLoginViaFacebook" time="0.001" classname="testNG_1.LoginTest"/>
</testsuite> <!-- testNG_1.LoginTest -->
